{"D:\\Workspace\\Practice\\Fake-Store-Assignment\\src\\components\\LoadingSpinner.tsx": {"path":"D:\\Workspace\\Practice\\Fake-Store-Assignment\\src\\components\\LoadingSpinner.tsx","statementMap":{"0":{"start":{"line":4,"column":2},"end":{"line":11,"column":null}},"1":{"start":{"line":17,"column":2},"end":{"line":26,"column":null}},"2":{"start":{"line":34,"column":2},"end":{"line":37,"column":null}},"3":{"start":{"line":36,"column":45},"end":{"line":37,"column":null}}},"fnMap":{"0":{"name":"LoadingSpinner","decl":{"start":{"line":3,"column":16},"end":{"line":3,"column":null}},"loc":{"start":{"line":3,"column":16},"end":{"line":14,"column":null}},"line":3},"1":{"name":"ProductCardSkeleton","decl":{"start":{"line":16,"column":16},"end":{"line":16,"column":null}},"loc":{"start":{"line":16,"column":16},"end":{"line":31,"column":null}},"line":16},"2":{"name":"ProductGridSkeleton","decl":{"start":{"line":33,"column":16},"end":{"line":33,"column":36}},"loc":{"start":{"line":33,"column":69},"end":{"line":41,"column":null}},"line":33},"3":{"name":"(anonymous_3)","decl":{"start":{"line":36,"column":41},"end":{"line":36,"column":42}},"loc":{"start":{"line":36,"column":45},"end":{"line":37,"column":null}},"line":36}},"branchMap":{"0":{"loc":{"start":{"line":33,"column":38},"end":{"line":33,"column":47}},"type":"default-arg","locations":[{"start":{"line":33,"column":46},"end":{"line":33,"column":47}}],"line":33}},"s":{"0":0,"1":8,"2":1,"3":8},"f":{"0":0,"1":8,"2":1,"3":8},"b":{"0":[1]},"meta":{"lastBranch":1,"lastFunction":4,"lastStatement":4,"seen":{"f:3:16:3:Infinity":0,"s:4:2:11:Infinity":0,"f:16:16:16:Infinity":1,"s:17:2:26:Infinity":1,"f:33:16:33:36":2,"b:33:46:33:47":0,"s:34:2:37:Infinity":2,"f:36:41:36:42":3,"s:36:45:37:Infinity":3}}}
,"D:\\Workspace\\Practice\\Fake-Store-Assignment\\src\\components\\ProductCard.tsx": {"path":"D:\\Workspace\\Practice\\Fake-Store-Assignment\\src\\components\\ProductCard.tsx","statementMap":{"0":{"start":{"line":15,"column":8},"end":{"line":15,"column":null}},"1":{"start":{"line":16,"column":8},"end":{"line":16,"column":null}},"2":{"start":{"line":16,"column":37},"end":{"line":16,"column":null}},"3":{"start":{"line":18,"column":30},"end":{"line":22,"column":null}},"4":{"start":{"line":19,"column":4},"end":{"line":19,"column":null}},"5":{"start":{"line":20,"column":4},"end":{"line":20,"column":null}},"6":{"start":{"line":21,"column":4},"end":{"line":21,"column":null}},"7":{"start":{"line":24,"column":2},"end":{"line":70,"column":null}}},"fnMap":{"0":{"name":"ProductCard","decl":{"start":{"line":14,"column":16},"end":{"line":14,"column":28}},"loc":{"start":{"line":14,"column":68},"end":{"line":78,"column":null}},"line":14},"1":{"name":"(anonymous_1)","decl":{"start":{"line":16,"column":36},"end":{"line":16,"column":37}},"loc":{"start":{"line":16,"column":37},"end":{"line":16,"column":null}},"line":16},"2":{"name":"(anonymous_2)","decl":{"start":{"line":18,"column":30},"end":{"line":18,"column":31}},"loc":{"start":{"line":18,"column":31},"end":{"line":22,"column":null}},"line":18}},"branchMap":{"0":{"loc":{"start":{"line":14,"column":39},"end":{"line":14,"column":48}},"type":"default-arg","locations":[{"start":{"line":14,"column":47},"end":{"line":14,"column":48}}],"line":14},"1":{"loc":{"start":{"line":39,"column":16},"end":{"line":41,"column":null}},"type":"cond-expr","locations":[{"start":{"line":40,"column":20},"end":{"line":40,"column":null}},{"start":{"line":41,"column":20},"end":{"line":41,"column":null}}],"line":39},"2":{"loc":{"start":{"line":44,"column":46},"end":{"line":44,"column":null}},"type":"binary-expr","locations":[{"start":{"line":44,"column":46},"end":{"line":44,"column":60}},{"start":{"line":44,"column":60},"end":{"line":44,"column":null}}],"line":44}},"s":{"0":41,"1":41,"2":85,"3":41,"4":6,"5":6,"6":6,"7":41},"f":{"0":41,"1":85,"2":6},"b":{"0":[41],"1":[13,25],"2":[41,13]},"meta":{"lastBranch":3,"lastFunction":3,"lastStatement":8,"seen":{"f:14:16:14:28":0,"b:14:47:14:48":0,"s:15:8:15:Infinity":0,"s:16:8:16:Infinity":1,"f:16:36:16:37":1,"s:16:37:16:Infinity":2,"s:18:30:22:Infinity":3,"f:18:30:18:31":2,"s:19:4:19:Infinity":4,"s:20:4:20:Infinity":5,"s:21:4:21:Infinity":6,"s:24:2:70:Infinity":7,"b:40:20:40:Infinity:41:20:41:Infinity":1,"b:44:46:44:60:44:60:44:Infinity":2}}}
,"D:\\Workspace\\Practice\\Fake-Store-Assignment\\src\\components\\ProductGrid.tsx": {"path":"D:\\Workspace\\Practice\\Fake-Store-Assignment\\src\\components\\ProductGrid.tsx","statementMap":{"0":{"start":{"line":11,"column":2},"end":{"line":25,"column":null}},"1":{"start":{"line":12,"column":4},"end":{"line":22,"column":null}},"2":{"start":{"line":27,"column":2},"end":{"line":30,"column":38}},"3":{"start":{"line":29,"column":30},"end":{"line":30,"column":38}}},"fnMap":{"0":{"name":"ProductGrid","decl":{"start":{"line":10,"column":16},"end":{"line":10,"column":28}},"loc":{"start":{"line":10,"column":94},"end":{"line":34,"column":null}},"line":10},"1":{"name":"(anonymous_1)","decl":{"start":{"line":29,"column":20},"end":{"line":29,"column":21}},"loc":{"start":{"line":29,"column":30},"end":{"line":30,"column":38}},"line":29}},"branchMap":{"0":{"loc":{"start":{"line":10,"column":40},"end":{"line":10,"column":74}},"type":"default-arg","locations":[{"start":{"line":10,"column":55},"end":{"line":10,"column":74}}],"line":10},"1":{"loc":{"start":{"line":11,"column":2},"end":{"line":25,"column":null}},"type":"if","locations":[{"start":{"line":11,"column":2},"end":{"line":25,"column":null}},{"start":{},"end":{}}],"line":11}},"s":{"0":16,"1":1,"2":13,"3":27},"f":{"0":16,"1":27},"b":{"0":[16],"1":[1,15]},"meta":{"lastBranch":2,"lastFunction":2,"lastStatement":4,"seen":{"f:10:16:10:28":0,"b:10:55:10:74":0,"b:11:2:25:Infinity:undefined:undefined:undefined:undefined":1,"s:11:2:25:Infinity":0,"s:12:4:22:Infinity":1,"s:27:2:30:38":2,"f:29:20:29:21":1,"s:29:30:30:38":3}}}
,"D:\\Workspace\\Practice\\Fake-Store-Assignment\\src\\components\\SearchFilters.tsx": {"path":"D:\\Workspace\\Practice\\Fake-Store-Assignment\\src\\components\\SearchFilters.tsx","statementMap":{"0":{"start":{"line":14,"column":8},"end":{"line":14,"column":null}},"1":{"start":{"line":15,"column":8},"end":{"line":15,"column":null}},"2":{"start":{"line":16,"column":8},"end":{"line":16,"column":null}},"3":{"start":{"line":17,"column":8},"end":{"line":17,"column":null}},"4":{"start":{"line":18,"column":8},"end":{"line":18,"column":null}},"5":{"start":{"line":20,"column":37},"end":{"line":20,"column":null}},"6":{"start":{"line":21,"column":8},"end":{"line":21,"column":null}},"7":{"start":{"line":23,"column":2},"end":{"line":25,"column":null}},"8":{"start":{"line":24,"column":4},"end":{"line":24,"column":null}},"9":{"start":{"line":27,"column":27},"end":{"line":27,"column":null}},"10":{"start":{"line":29,"column":2},"end":{"line":109,"column":null}},"11":{"start":{"line":38,"column":29},"end":{"line":38,"column":null}},"12":{"start":{"line":47,"column":31},"end":{"line":47,"column":null}},"13":{"start":{"line":59,"column":38},"end":{"line":59,"column":null}},"14":{"start":{"line":66,"column":31},"end":{"line":67,"column":43}},"15":{"start":{"line":76,"column":38},"end":{"line":76,"column":null}},"16":{"start":{"line":104,"column":16},"end":{"line":104,"column":null}},"17":{"start":{"line":105,"column":16},"end":{"line":105,"column":null}}},"fnMap":{"0":{"name":"SearchFilters","decl":{"start":{"line":13,"column":16},"end":{"line":13,"column":null}},"loc":{"start":{"line":13,"column":16},"end":{"line":117,"column":null}},"line":13},"1":{"name":"(anonymous_1)","decl":{"start":{"line":23,"column":12},"end":{"line":23,"column":null}},"loc":{"start":{"line":23,"column":12},"end":{"line":25,"column":5}},"line":23},"2":{"name":"(anonymous_2)","decl":{"start":{"line":38,"column":22},"end":{"line":38,"column":23}},"loc":{"start":{"line":38,"column":29},"end":{"line":38,"column":null}},"line":38},"3":{"name":"(anonymous_3)","decl":{"start":{"line":47,"column":25},"end":{"line":47,"column":31}},"loc":{"start":{"line":47,"column":31},"end":{"line":47,"column":null}},"line":47},"4":{"name":"(anonymous_4)","decl":{"start":{"line":59,"column":27},"end":{"line":59,"column":28}},"loc":{"start":{"line":59,"column":38},"end":{"line":59,"column":null}},"line":59},"5":{"name":"(anonymous_5)","decl":{"start":{"line":66,"column":30},"end":{"line":66,"column":31}},"loc":{"start":{"line":66,"column":31},"end":{"line":67,"column":43}},"line":66},"6":{"name":"(anonymous_6)","decl":{"start":{"line":76,"column":27},"end":{"line":76,"column":28}},"loc":{"start":{"line":76,"column":38},"end":{"line":76,"column":null}},"line":76},"7":{"name":"(anonymous_7)","decl":{"start":{"line":103,"column":23},"end":{"line":103,"column":null}},"loc":{"start":{"line":103,"column":23},"end":{"line":106,"column":null}},"line":103}},"branchMap":{"0":{"loc":{"start":{"line":27,"column":27},"end":{"line":27,"column":null}},"type":"binary-expr","locations":[{"start":{"line":27,"column":27},"end":{"line":27,"column":48}},{"start":{"line":27,"column":48},"end":{"line":27,"column":68}},{"start":{"line":27,"column":68},"end":{"line":27,"column":null}}],"line":27},"1":{"loc":{"start":{"line":42,"column":13},"end":{"line":50,"column":null}},"type":"binary-expr","locations":[{"start":{"line":42,"column":13},"end":{"line":42,"column":null}},{"start":{"line":42,"column":13},"end":{"line":50,"column":null}}],"line":42},"2":{"loc":{"start":{"line":58,"column":19},"end":{"line":58,"column":null}},"type":"binary-expr","locations":[{"start":{"line":58,"column":19},"end":{"line":58,"column":39}},{"start":{"line":58,"column":39},"end":{"line":58,"column":null}}],"line":58},"3":{"loc":{"start":{"line":59,"column":67},"end":{"line":59,"column":null}},"type":"cond-expr","locations":[{"start":{"line":59,"column":85},"end":{"line":59,"column":90}},{"start":{"line":59,"column":90},"end":{"line":59,"column":null}}],"line":59},"4":{"loc":{"start":{"line":92,"column":9},"end":{"line":109,"column":null}},"type":"binary-expr","locations":[{"start":{"line":92,"column":9},"end":{"line":92,"column":null}},{"start":{"line":92,"column":9},"end":{"line":109,"column":null}}],"line":92}},"s":{"0":69,"1":69,"2":69,"3":69,"4":69,"5":69,"6":69,"7":69,"8":18,"9":69,"10":69,"11":42,"12":1,"13":0,"14":184,"15":0,"16":1,"17":1},"f":{"0":69,"1":18,"2":42,"3":1,"4":0,"5":184,"6":0,"7":1},"b":{"0":[69,62,62],"1":[69,50],"2":[69,66],"3":[0,0],"4":[69,5]},"meta":{"lastBranch":5,"lastFunction":8,"lastStatement":18,"seen":{"f:13:16:13:Infinity":0,"s:14:8:14:Infinity":0,"s:15:8:15:Infinity":1,"s:16:8:16:Infinity":2,"s:17:8:17:Infinity":3,"s:18:8:18:Infinity":4,"s:20:37:20:Infinity":5,"s:21:8:21:Infinity":6,"s:23:2:25:Infinity":7,"f:23:12:23:Infinity":1,"s:24:4:24:Infinity":8,"s:27:27:27:Infinity":9,"b:27:27:27:48:27:48:27:68:27:68:27:Infinity":0,"s:29:2:109:Infinity":10,"f:38:22:38:23":2,"s:38:29:38:Infinity":11,"b:42:13:42:Infinity:42:13:50:Infinity":1,"f:47:25:47:31":3,"s:47:31:47:Infinity":12,"b:58:19:58:39:58:39:58:Infinity":2,"f:59:27:59:28":4,"s:59:38:59:Infinity":13,"b:59:85:59:90:59:90:59:Infinity":3,"f:66:30:66:31":5,"s:66:31:67:43":14,"f:76:27:76:28":6,"s:76:38:76:Infinity":15,"b:92:9:92:Infinity:92:9:109:Infinity":4,"f:103:23:103:Infinity":7,"s:104:16:104:Infinity":16,"s:105:16:105:Infinity":17}}}
,"D:\\Workspace\\Practice\\Fake-Store-Assignment\\src\\components\\ui\\button.tsx": {"path":"D:\\Workspace\\Practice\\Fake-Store-Assignment\\src\\components\\ui\\button.tsx","statementMap":{"0":{"start":{"line":7,"column":6},"end":{"line":30,"column":null}},"1":{"start":{"line":39,"column":15},"end":{"line":43,"column":null}},"2":{"start":{"line":41,"column":17},"end":{"line":41,"column":null}},"3":{"start":{"line":42,"column":4},"end":{"line":42,"column":null}},"4":{"start":{"line":45,"column":0},"end":{"line":45,"column":null}}},"fnMap":{"0":{"name":"(anonymous_0)","decl":{"start":{"line":40,"column":2},"end":{"line":40,"column":3}},"loc":{"start":{"line":40,"column":60},"end":{"line":43,"column":null}},"line":40}},"branchMap":{"0":{"loc":{"start":{"line":40,"column":31},"end":{"line":40,"column":46}},"type":"default-arg","locations":[{"start":{"line":40,"column":41},"end":{"line":40,"column":46}}],"line":40},"1":{"loc":{"start":{"line":41,"column":17},"end":{"line":41,"column":null}},"type":"cond-expr","locations":[{"start":{"line":41,"column":27},"end":{"line":41,"column":34}},{"start":{"line":41,"column":34},"end":{"line":41,"column":null}}],"line":41}},"s":{"0":3,"1":3,"2":8,"3":8,"4":3},"f":{"0":8},"b":{"0":[8],"1":[0,8]},"meta":{"lastBranch":2,"lastFunction":1,"lastStatement":5,"seen":{"s:7:6:30:Infinity":0,"s:39:15:43:Infinity":1,"f:40:2:40:3":0,"b:40:41:40:46":0,"s:41:17:41:Infinity":2,"b:41:27:41:34:41:34:41:Infinity":1,"s:42:4:42:Infinity":3,"s:45:0:45:Infinity":4}}}
,"D:\\Workspace\\Practice\\Fake-Store-Assignment\\src\\components\\ui\\input.tsx": {"path":"D:\\Workspace\\Practice\\Fake-Store-Assignment\\src\\components\\ui\\input.tsx","statementMap":{"0":{"start":{"line":5,"column":14},"end":{"line":18,"column":null}},"1":{"start":{"line":7,"column":4},"end":{"line":15,"column":null}},"2":{"start":{"line":20,"column":0},"end":{"line":20,"column":null}}},"fnMap":{"0":{"name":"(anonymous_0)","decl":{"start":{"line":6,"column":2},"end":{"line":6,"column":3}},"loc":{"start":{"line":6,"column":34},"end":{"line":18,"column":null}},"line":6}},"branchMap":{},"s":{"0":2,"1":67,"2":2},"f":{"0":67},"b":{},"meta":{"lastBranch":0,"lastFunction":1,"lastStatement":3,"seen":{"s:5:14:18:Infinity":0,"f:6:2:6:3":0,"s:7:4:15:Infinity":1,"s:20:0:20:Infinity":2}}}
,"D:\\Workspace\\Practice\\Fake-Store-Assignment\\src\\components\\ui\\select.tsx": {"path":"D:\\Workspace\\Practice\\Fake-Store-Assignment\\src\\components\\ui\\select.tsx","statementMap":{"0":{"start":{"line":7,"column":15},"end":{"line":7,"column":35}},"1":{"start":{"line":9,"column":20},"end":{"line":9,"column":41}},"2":{"start":{"line":11,"column":20},"end":{"line":11,"column":41}},"3":{"start":{"line":13,"column":22},"end":{"line":27,"column":null}},"4":{"start":{"line":16,"column":38},"end":{"line":27,"column":null}},"5":{"start":{"line":31,"column":0},"end":{"line":31,"column":null}},"6":{"start":{"line":33,"column":29},"end":{"line":42,"column":null}},"7":{"start":{"line":36,"column":28},"end":{"line":42,"column":null}},"8":{"start":{"line":45,"column":0},"end":{"line":45,"column":null}},"9":{"start":{"line":47,"column":31},"end":{"line":56,"column":null}},"10":{"start":{"line":50,"column":28},"end":{"line":56,"column":null}},"11":{"start":{"line":59,"column":0},"end":{"line":59,"column":null}},"12":{"start":{"line":61,"column":22},"end":{"line":96,"column":null}},"13":{"start":{"line":67,"column":4},"end":{"line":67,"column":77}},"14":{"start":{"line":69,"column":2},"end":{"line":92,"column":null}},"15":{"start":{"line":97,"column":0},"end":{"line":97,"column":null}},"16":{"start":{"line":99,"column":20},"end":{"line":103,"column":null}},"17":{"start":{"line":102,"column":28},"end":{"line":103,"column":null}},"18":{"start":{"line":105,"column":0},"end":{"line":105,"column":null}},"19":{"start":{"line":107,"column":19},"end":{"line":125,"column":null}},"20":{"start":{"line":110,"column":38},"end":{"line":125,"column":null}},"21":{"start":{"line":128,"column":0},"end":{"line":128,"column":null}},"22":{"start":{"line":130,"column":24},"end":{"line":134,"column":null}},"23":{"start":{"line":133,"column":28},"end":{"line":134,"column":null}},"24":{"start":{"line":136,"column":0},"end":{"line":136,"column":null}}},"fnMap":{"0":{"name":"(anonymous_0)","decl":{"start":{"line":16,"column":2},"end":{"line":16,"column":3}},"loc":{"start":{"line":16,"column":38},"end":{"line":27,"column":null}},"line":16},"1":{"name":"(anonymous_1)","decl":{"start":{"line":36,"column":2},"end":{"line":36,"column":3}},"loc":{"start":{"line":36,"column":28},"end":{"line":42,"column":null}},"line":36},"2":{"name":"(anonymous_2)","decl":{"start":{"line":50,"column":2},"end":{"line":50,"column":3}},"loc":{"start":{"line":50,"column":28},"end":{"line":56,"column":null}},"line":50},"3":{"name":"(anonymous_3)","decl":{"start":{"line":64,"column":2},"end":{"line":64,"column":3}},"loc":{"start":{"line":64,"column":59},"end":{"line":96,"column":null}},"line":64},"4":{"name":"(anonymous_4)","decl":{"start":{"line":102,"column":2},"end":{"line":102,"column":3}},"loc":{"start":{"line":102,"column":28},"end":{"line":103,"column":null}},"line":102},"5":{"name":"(anonymous_5)","decl":{"start":{"line":110,"column":2},"end":{"line":110,"column":3}},"loc":{"start":{"line":110,"column":38},"end":{"line":125,"column":null}},"line":110},"6":{"name":"(anonymous_6)","decl":{"start":{"line":133,"column":2},"end":{"line":133,"column":3}},"loc":{"start":{"line":133,"column":28},"end":{"line":134,"column":null}},"line":133}},"branchMap":{"0":{"loc":{"start":{"line":64,"column":26},"end":{"line":64,"column":45}},"type":"default-arg","locations":[{"start":{"line":64,"column":37},"end":{"line":64,"column":45}}],"line":64},"1":{"loc":{"start":{"line":67,"column":4},"end":{"line":67,"column":77}},"type":"cond-expr","locations":[{"start":{"line":67,"column":38},"end":{"line":67,"column":52}},{"start":{"line":67,"column":55},"end":{"line":67,"column":77}}],"line":67},"2":{"loc":{"start":{"line":75,"column":10},"end":{"line":76,"column":null}},"type":"binary-expr","locations":[{"start":{"line":75,"column":10},"end":{"line":75,"column":null}},{"start":{"line":76,"column":12},"end":{"line":76,"column":null}}],"line":75},"3":{"loc":{"start":{"line":86,"column":12},"end":{"line":87,"column":null}},"type":"binary-expr","locations":[{"start":{"line":86,"column":12},"end":{"line":86,"column":null}},{"start":{"line":87,"column":14},"end":{"line":87,"column":null}}],"line":86}},"s":{"0":2,"1":2,"2":2,"3":2,"4":134,"5":2,"6":2,"7":132,"8":2,"9":2,"10":132,"11":2,"12":2,"13":136,"14":136,"15":2,"16":2,"17":0,"18":2,"19":2,"20":450,"21":2,"22":2,"23":0,"24":2},"f":{"0":134,"1":132,"2":132,"3":136,"4":0,"5":450,"6":0},"b":{"0":[136],"1":[134,0],"2":[136,134],"3":[136,134]},"meta":{"lastBranch":4,"lastFunction":7,"lastStatement":25,"seen":{"s:7:15:7:35":0,"s:9:20:9:41":1,"s:11:20:11:41":2,"s:13:22:27:Infinity":3,"f:16:2:16:3":0,"s:16:38:27:Infinity":4,"s:31:0:31:Infinity":5,"s:33:29:42:Infinity":6,"f:36:2:36:3":1,"s:36:28:42:Infinity":7,"s:45:0:45:Infinity":8,"s:47:31:56:Infinity":9,"f:50:2:50:3":2,"s:50:28:56:Infinity":10,"s:59:0:59:Infinity":11,"s:61:22:96:Infinity":12,"f:64:2:64:3":3,"b:64:37:64:45":0,"s:67:4:67:77":13,"b:67:38:67:52:67:55:67:77":1,"s:69:2:92:Infinity":14,"b:75:10:75:Infinity:76:12:76:Infinity":2,"b:86:12:86:Infinity:87:14:87:Infinity":3,"s:97:0:97:Infinity":15,"s:99:20:103:Infinity":16,"f:102:2:102:3":4,"s:102:28:103:Infinity":17,"s:105:0:105:Infinity":18,"s:107:19:125:Infinity":19,"f:110:2:110:3":5,"s:110:38:125:Infinity":20,"s:128:0:128:Infinity":21,"s:130:24:134:Infinity":22,"f:133:2:133:3":6,"s:133:28:134:Infinity":23,"s:136:0:136:Infinity":24}}}
,"D:\\Workspace\\Practice\\Fake-Store-Assignment\\src\\hooks\\useDebounce.ts": {"path":"D:\\Workspace\\Practice\\Fake-Store-Assignment\\src\\hooks\\useDebounce.ts","statementMap":{"0":{"start":{"line":4,"column":43},"end":{"line":4,"column":null}},"1":{"start":{"line":6,"column":2},"end":{"line":14,"column":null}},"2":{"start":{"line":7,"column":20},"end":{"line":9,"column":null}},"3":{"start":{"line":8,"column":6},"end":{"line":8,"column":null}},"4":{"start":{"line":11,"column":4},"end":{"line":13,"column":null}},"5":{"start":{"line":12,"column":6},"end":{"line":12,"column":null}},"6":{"start":{"line":16,"column":2},"end":{"line":16,"column":null}}},"fnMap":{"0":{"name":"useDebounce","decl":{"start":{"line":3,"column":16},"end":{"line":3,"column":31}},"loc":{"start":{"line":3,"column":54},"end":{"line":17,"column":null}},"line":3},"1":{"name":"(anonymous_1)","decl":{"start":{"line":6,"column":12},"end":{"line":6,"column":null}},"loc":{"start":{"line":6,"column":12},"end":{"line":14,"column":5}},"line":6},"2":{"name":"(anonymous_2)","decl":{"start":{"line":7,"column":31},"end":{"line":7,"column":null}},"loc":{"start":{"line":7,"column":31},"end":{"line":9,"column":7}},"line":7},"3":{"name":"(anonymous_3)","decl":{"start":{"line":11,"column":11},"end":{"line":11,"column":null}},"loc":{"start":{"line":11,"column":11},"end":{"line":13,"column":null}},"line":11}},"branchMap":{},"s":{"0":82,"1":82,"2":69,"3":8,"4":69,"5":69,"6":82},"f":{"0":82,"1":69,"2":8,"3":69},"b":{},"meta":{"lastBranch":0,"lastFunction":4,"lastStatement":7,"seen":{"f:3:16:3:31":0,"s:4:43:4:Infinity":0,"s:6:2:14:Infinity":1,"f:6:12:6:Infinity":1,"s:7:20:9:Infinity":2,"f:7:31:7:Infinity":2,"s:8:6:8:Infinity":3,"s:11:4:13:Infinity":4,"f:11:11:11:Infinity":3,"s:12:6:12:Infinity":5,"s:16:2:16:Infinity":6}}}
,"D:\\Workspace\\Practice\\Fake-Store-Assignment\\src\\hooks\\useFilteredProducts.ts": {"path":"D:\\Workspace\\Practice\\Fake-Store-Assignment\\src\\hooks\\useFilteredProducts.ts","statementMap":{"0":{"start":{"line":8,"column":8},"end":{"line":8,"column":null}},"1":{"start":{"line":9,"column":8},"end":{"line":9,"column":null}},"2":{"start":{"line":10,"column":8},"end":{"line":10,"column":null}},"3":{"start":{"line":11,"column":8},"end":{"line":11,"column":null}},"4":{"start":{"line":13,"column":2},"end":{"line":42,"column":null}},"5":{"start":{"line":14,"column":19},"end":{"line":14,"column":null}},"6":{"start":{"line":17,"column":4},"end":{"line":22,"column":null}},"7":{"start":{"line":18,"column":20},"end":{"line":18,"column":null}},"8":{"start":{"line":19,"column":6},"end":{"line":20,"column":null}},"9":{"start":{"line":20,"column":8},"end":{"line":20,"column":null}},"10":{"start":{"line":25,"column":4},"end":{"line":27,"column":null}},"11":{"start":{"line":26,"column":6},"end":{"line":26,"column":null}},"12":{"start":{"line":26,"column":46},"end":{"line":26,"column":null}},"13":{"start":{"line":30,"column":4},"end":{"line":39,"column":null}},"14":{"start":{"line":32,"column":8},"end":{"line":32,"column":null}},"15":{"start":{"line":32,"column":32},"end":{"line":32,"column":49}},"16":{"start":{"line":33,"column":8},"end":{"line":33,"column":null}},"17":{"start":{"line":35,"column":8},"end":{"line":35,"column":null}},"18":{"start":{"line":35,"column":32},"end":{"line":35,"column":49}},"19":{"start":{"line":36,"column":8},"end":{"line":36,"column":null}},"20":{"start":{"line":38,"column":8},"end":{"line":38,"column":null}},"21":{"start":{"line":41,"column":4},"end":{"line":41,"column":null}}},"fnMap":{"0":{"name":"useFilteredProducts","decl":{"start":{"line":7,"column":16},"end":{"line":7,"column":null}},"loc":{"start":{"line":7,"column":16},"end":{"line":43,"column":null}},"line":7},"1":{"name":"(anonymous_1)","decl":{"start":{"line":13,"column":17},"end":{"line":13,"column":null}},"loc":{"start":{"line":13,"column":17},"end":{"line":42,"column":5}},"line":13},"2":{"name":"(anonymous_2)","decl":{"start":{"line":19,"column":33},"end":{"line":19,"column":34}},"loc":{"start":{"line":20,"column":8},"end":{"line":20,"column":null}},"line":20},"3":{"name":"(anonymous_3)","decl":{"start":{"line":26,"column":33},"end":{"line":26,"column":34}},"loc":{"start":{"line":26,"column":46},"end":{"line":26,"column":null}},"line":26},"4":{"name":"(anonymous_4)","decl":{"start":{"line":32,"column":22},"end":{"line":32,"column":23}},"loc":{"start":{"line":32,"column":32},"end":{"line":32,"column":49}},"line":32},"5":{"name":"(anonymous_5)","decl":{"start":{"line":35,"column":22},"end":{"line":35,"column":23}},"loc":{"start":{"line":35,"column":32},"end":{"line":35,"column":49}},"line":35}},"branchMap":{"0":{"loc":{"start":{"line":17,"column":4},"end":{"line":22,"column":null}},"type":"if","locations":[{"start":{"line":17,"column":4},"end":{"line":22,"column":null}},{"start":{},"end":{}}],"line":17},"1":{"loc":{"start":{"line":25,"column":4},"end":{"line":27,"column":null}},"type":"if","locations":[{"start":{"line":25,"column":4},"end":{"line":27,"column":null}},{"start":{},"end":{}}],"line":25},"2":{"loc":{"start":{"line":30,"column":4},"end":{"line":39,"column":null}},"type":"switch","locations":[{"start":{"line":31,"column":6},"end":{"line":33,"column":null}},{"start":{"line":34,"column":6},"end":{"line":36,"column":null}},{"start":{"line":37,"column":6},"end":{"line":38,"column":null}}],"line":30}},"s":{"0":19,"1":19,"2":19,"3":19,"4":19,"5":18,"6":18,"7":6,"8":6,"9":18,"10":18,"11":2,"12":6,"13":18,"14":1,"15":4,"16":1,"17":1,"18":3,"19":1,"20":16,"21":18},"f":{"0":19,"1":18,"2":18,"3":6,"4":4,"5":3},"b":{"0":[6,12],"1":[2,16],"2":[1,1,16]},"meta":{"lastBranch":3,"lastFunction":6,"lastStatement":22,"seen":{"f:7:16:7:Infinity":0,"s:8:8:8:Infinity":0,"s:9:8:9:Infinity":1,"s:10:8:10:Infinity":2,"s:11:8:11:Infinity":3,"s:13:2:42:Infinity":4,"f:13:17:13:Infinity":1,"s:14:19:14:Infinity":5,"b:17:4:22:Infinity:undefined:undefined:undefined:undefined":0,"s:17:4:22:Infinity":6,"s:18:20:18:Infinity":7,"s:19:6:20:Infinity":8,"f:19:33:19:34":2,"s:20:8:20:Infinity":9,"b:25:4:27:Infinity:undefined:undefined:undefined:undefined":1,"s:25:4:27:Infinity":10,"s:26:6:26:Infinity":11,"f:26:33:26:34":3,"s:26:46:26:Infinity":12,"b:31:6:33:Infinity:34:6:36:Infinity:37:6:38:Infinity":2,"s:30:4:39:Infinity":13,"s:32:8:32:Infinity":14,"f:32:22:32:23":4,"s:32:32:32:49":15,"s:33:8:33:Infinity":16,"s:35:8:35:Infinity":17,"f:35:22:35:23":5,"s:35:32:35:49":18,"s:36:8:36:Infinity":19,"s:38:8:38:Infinity":20,"s:41:4:41:Infinity":21}}}
,"D:\\Workspace\\Practice\\Fake-Store-Assignment\\src\\lib\\utils.ts": {"path":"D:\\Workspace\\Practice\\Fake-Store-Assignment\\src\\lib\\utils.ts","statementMap":{"0":{"start":{"line":5,"column":2},"end":{"line":5,"column":null}}},"fnMap":{"0":{"name":"cn","decl":{"start":{"line":4,"column":16},"end":{"line":4,"column":19}},"loc":{"start":{"line":4,"column":42},"end":{"line":6,"column":null}},"line":4}},"branchMap":{},"s":{"0":1265},"f":{"0":1265},"b":{},"meta":{"lastBranch":0,"lastFunction":1,"lastStatement":1,"seen":{"f:4:16:4:19":0,"s:5:2:5:Infinity":0}}}
,"D:\\Workspace\\Practice\\Fake-Store-Assignment\\src\\pages\\Favorites.tsx": {"path":"D:\\Workspace\\Practice\\Fake-Store-Assignment\\src\\pages\\Favorites.tsx","statementMap":{"0":{"start":{"line":9,"column":18},"end":{"line":71,"column":null}},"1":{"start":{"line":10,"column":8},"end":{"line":10,"column":null}},"2":{"start":{"line":12,"column":2},"end":{"line":64,"column":null}}},"fnMap":{"0":{"name":"(anonymous_0)","decl":{"start":{"line":9,"column":18},"end":{"line":9,"column":null}},"loc":{"start":{"line":9,"column":18},"end":{"line":71,"column":null}},"line":9}},"branchMap":{"0":{"loc":{"start":{"line":28,"column":15},"end":{"line":30,"column":null}},"type":"cond-expr","locations":[{"start":{"line":29,"column":18},"end":{"line":29,"column":95}},{"start":{"line":30,"column":18},"end":{"line":30,"column":null}}],"line":28},"1":{"loc":{"start":{"line":29,"column":54},"end":{"line":29,"column":88}},"type":"cond-expr","locations":[{"start":{"line":29,"column":79},"end":{"line":29,"column":84}},{"start":{"line":29,"column":84},"end":{"line":29,"column":88}}],"line":29},"2":{"loc":{"start":{"line":38,"column":11},"end":{"line":64,"column":null}},"type":"cond-expr","locations":[{"start":{"line":38,"column":32},"end":{"line":59,"column":13}},{"start":{"line":59,"column":12},"end":{"line":64,"column":null}}],"line":38}},"s":{"0":1,"1":10,"2":10},"f":{"0":10},"b":{"0":[6,3],"1":[4,2],"2":[3,6]},"meta":{"lastBranch":3,"lastFunction":1,"lastStatement":3,"seen":{"s:9:18:71:Infinity":0,"f:9:18:9:Infinity":0,"s:10:8:10:Infinity":1,"s:12:2:64:Infinity":2,"b:29:18:29:95:30:18:30:Infinity":0,"b:29:79:29:84:29:84:29:88":1,"b:38:32:59:13:59:12:64:Infinity":2}}}
,"D:\\Workspace\\Practice\\Fake-Store-Assignment\\src\\pages\\ProductListing.tsx": {"path":"D:\\Workspace\\Practice\\Fake-Store-Assignment\\src\\pages\\ProductListing.tsx","statementMap":{"0":{"start":{"line":10,"column":23},"end":{"line":101,"column":null}},"1":{"start":{"line":11,"column":8},"end":{"line":11,"column":null}},"2":{"start":{"line":12,"column":8},"end":{"line":12,"column":null}},"3":{"start":{"line":13,"column":8},"end":{"line":13,"column":null}},"4":{"start":{"line":14,"column":8},"end":{"line":14,"column":null}},"5":{"start":{"line":16,"column":2},"end":{"line":21,"column":null}},"6":{"start":{"line":17,"column":4},"end":{"line":20,"column":null}},"7":{"start":{"line":18,"column":6},"end":{"line":18,"column":null}},"8":{"start":{"line":19,"column":6},"end":{"line":19,"column":null}},"9":{"start":{"line":23,"column":2},"end":{"line":94,"column":null}},"10":{"start":{"line":75,"column":31},"end":{"line":75,"column":null}}},"fnMap":{"0":{"name":"(anonymous_0)","decl":{"start":{"line":10,"column":23},"end":{"line":10,"column":null}},"loc":{"start":{"line":10,"column":23},"end":{"line":101,"column":null}},"line":10},"1":{"name":"(anonymous_1)","decl":{"start":{"line":16,"column":12},"end":{"line":16,"column":null}},"loc":{"start":{"line":16,"column":12},"end":{"line":21,"column":5}},"line":16},"2":{"name":"(anonymous_2)","decl":{"start":{"line":75,"column":25},"end":{"line":75,"column":31}},"loc":{"start":{"line":75,"column":31},"end":{"line":75,"column":null}},"line":75}},"branchMap":{"0":{"loc":{"start":{"line":17,"column":4},"end":{"line":20,"column":null}},"type":"if","locations":[{"start":{"line":17,"column":4},"end":{"line":20,"column":null}},{"start":{},"end":{}}],"line":17},"1":{"loc":{"start":{"line":56,"column":11},"end":{"line":59,"column":null}},"type":"binary-expr","locations":[{"start":{"line":56,"column":11},"end":{"line":56,"column":null}},{"start":{"line":56,"column":22},"end":{"line":59,"column":null}}],"line":56},"2":{"loc":{"start":{"line":63,"column":11},"end":{"line":77,"column":null}},"type":"binary-expr","locations":[{"start":{"line":63,"column":11},"end":{"line":63,"column":null}},{"start":{"line":63,"column":22},"end":{"line":77,"column":null}}],"line":63},"3":{"loc":{"start":{"line":83,"column":11},"end":{"line":94,"column":null}},"type":"binary-expr","locations":[{"start":{"line":83,"column":11},"end":{"line":83,"column":null}},{"start":{"line":83,"column":22},"end":{"line":94,"column":null}}],"line":83}},"s":{"0":1,"1":12,"2":12,"3":12,"4":12,"5":12,"6":9,"7":1,"8":1,"9":12,"10":0},"f":{"0":12,"1":9,"2":0},"b":{"0":[1,8],"1":[12,1],"2":[12,1],"3":[12,8]},"meta":{"lastBranch":4,"lastFunction":3,"lastStatement":11,"seen":{"s:10:23:101:Infinity":0,"f:10:23:10:Infinity":0,"s:11:8:11:Infinity":1,"s:12:8:12:Infinity":2,"s:13:8:13:Infinity":3,"s:14:8:14:Infinity":4,"s:16:2:21:Infinity":5,"f:16:12:16:Infinity":1,"b:17:4:20:Infinity:undefined:undefined:undefined:undefined":0,"s:17:4:20:Infinity":6,"s:18:6:18:Infinity":7,"s:19:6:19:Infinity":8,"s:23:2:94:Infinity":9,"b:56:11:56:Infinity:56:22:59:Infinity":1,"b:63:11:63:Infinity:63:22:77:Infinity":2,"f:75:25:75:31":2,"s:75:31:75:Infinity":10,"b:83:11:83:Infinity:83:22:94:Infinity":3}}}
,"D:\\Workspace\\Practice\\Fake-Store-Assignment\\src\\store\\hooks.ts": {"path":"D:\\Workspace\\Practice\\Fake-Store-Assignment\\src\\store\\hooks.ts","statementMap":{"0":{"start":{"line":4,"column":30},"end":{"line":4,"column":null}},"1":{"start":{"line":5,"column":63},"end":{"line":5,"column":null}}},"fnMap":{"0":{"name":"(anonymous_0)","decl":{"start":{"line":4,"column":30},"end":{"line":4,"column":36}},"loc":{"start":{"line":4,"column":30},"end":{"line":4,"column":null}},"line":4}},"branchMap":{},"s":{"0":119,"1":5},"f":{"0":119},"b":{},"meta":{"lastBranch":0,"lastFunction":1,"lastStatement":2,"seen":{"s:4:30:4:Infinity":0,"f:4:30:4:36":0,"s:5:63:5:Infinity":1}}}
,"D:\\Workspace\\Practice\\Fake-Store-Assignment\\src\\store\\slices\\favoritesSlice.ts": {"path":"D:\\Workspace\\Practice\\Fake-Store-Assignment\\src\\store\\slices\\favoritesSlice.ts","statementMap":{"0":{"start":{"line":8,"column":37},"end":{"line":10,"column":null}},"1":{"start":{"line":12,"column":6},"end":{"line":34,"column":null}},"2":{"start":{"line":17,"column":21},"end":{"line":17,"column":null}},"3":{"start":{"line":17,"column":48},"end":{"line":17,"column":77}},"4":{"start":{"line":18,"column":6},"end":{"line":20,"column":null}},"5":{"start":{"line":19,"column":8},"end":{"line":19,"column":null}},"6":{"start":{"line":23,"column":6},"end":{"line":23,"column":null}},"7":{"start":{"line":23,"column":49},"end":{"line":23,"column":75}},"8":{"start":{"line":26,"column":20},"end":{"line":26,"column":null}},"9":{"start":{"line":26,"column":52},"end":{"line":26,"column":81}},"10":{"start":{"line":27,"column":6},"end":{"line":31,"column":null}},"11":{"start":{"line":28,"column":8},"end":{"line":28,"column":null}},"12":{"start":{"line":30,"column":8},"end":{"line":30,"column":null}},"13":{"start":{"line":36,"column":71},"end":{"line":36,"column":93}},"14":{"start":{"line":41,"column":31},"end":{"line":41,"column":94}},"15":{"start":{"line":41,"column":73},"end":{"line":41,"column":94}},"16":{"start":{"line":42,"column":32},"end":{"line":43,"column":null}},"17":{"start":{"line":43,"column":2},"end":{"line":43,"column":null}},"18":{"start":{"line":43,"column":39},"end":{"line":43,"column":null}},"19":{"start":{"line":44,"column":36},"end":{"line":44,"column":106}},"20":{"start":{"line":44,"column":78},"end":{"line":44,"column":106}}},"fnMap":{"0":{"name":"(anonymous_0)","decl":{"start":{"line":16,"column":20},"end":{"line":16,"column":21}},"loc":{"start":{"line":16,"column":28},"end":{"line":21,"column":null}},"line":16},"1":{"name":"(anonymous_1)","decl":{"start":{"line":17,"column":38},"end":{"line":17,"column":39}},"loc":{"start":{"line":17,"column":48},"end":{"line":17,"column":77}},"line":17},"2":{"name":"(anonymous_2)","decl":{"start":{"line":22,"column":25},"end":{"line":22,"column":26}},"loc":{"start":{"line":22,"column":33},"end":{"line":24,"column":null}},"line":22},"3":{"name":"(anonymous_3)","decl":{"start":{"line":23,"column":39},"end":{"line":23,"column":40}},"loc":{"start":{"line":23,"column":49},"end":{"line":23,"column":75}},"line":23},"4":{"name":"(anonymous_4)","decl":{"start":{"line":25,"column":20},"end":{"line":25,"column":21}},"loc":{"start":{"line":25,"column":28},"end":{"line":32,"column":null}},"line":25},"5":{"name":"(anonymous_5)","decl":{"start":{"line":26,"column":42},"end":{"line":26,"column":43}},"loc":{"start":{"line":26,"column":52},"end":{"line":26,"column":81}},"line":26},"6":{"name":"(anonymous_6)","decl":{"start":{"line":41,"column":31},"end":{"line":41,"column":32}},"loc":{"start":{"line":41,"column":73},"end":{"line":41,"column":94}},"line":41},"7":{"name":"(anonymous_7)","decl":{"start":{"line":42,"column":32},"end":{"line":42,"column":33}},"loc":{"start":{"line":43,"column":2},"end":{"line":43,"column":null}},"line":43},"8":{"name":"(anonymous_8)","decl":{"start":{"line":43,"column":29},"end":{"line":43,"column":30}},"loc":{"start":{"line":43,"column":39},"end":{"line":43,"column":null}},"line":43},"9":{"name":"(anonymous_9)","decl":{"start":{"line":44,"column":36},"end":{"line":44,"column":37}},"loc":{"start":{"line":44,"column":78},"end":{"line":44,"column":106}},"line":44}},"branchMap":{"0":{"loc":{"start":{"line":18,"column":6},"end":{"line":20,"column":null}},"type":"if","locations":[{"start":{"line":18,"column":6},"end":{"line":20,"column":null}},{"start":{},"end":{}}],"line":18},"1":{"loc":{"start":{"line":27,"column":6},"end":{"line":31,"column":null}},"type":"if","locations":[{"start":{"line":27,"column":6},"end":{"line":31,"column":null}},{"start":{"line":29,"column":13},"end":{"line":31,"column":null}}],"line":27}},"s":{"0":7,"1":7,"2":13,"3":5,"4":13,"5":12,"6":2,"7":3,"8":12,"9":6,"10":12,"11":5,"12":7,"13":7,"14":7,"15":17,"16":7,"17":87,"18":34,"19":7,"20":3},"f":{"0":13,"1":5,"2":2,"3":3,"4":12,"5":6,"6":17,"7":87,"8":34,"9":3},"b":{"0":[12,1],"1":[5,7]},"meta":{"lastBranch":2,"lastFunction":10,"lastStatement":21,"seen":{"s:8:37:10:Infinity":0,"s:12:6:34:Infinity":1,"f:16:20:16:21":0,"s:17:21:17:Infinity":2,"f:17:38:17:39":1,"s:17:48:17:77":3,"b:18:6:20:Infinity:undefined:undefined:undefined:undefined":0,"s:18:6:20:Infinity":4,"s:19:8:19:Infinity":5,"f:22:25:22:26":2,"s:23:6:23:Infinity":6,"f:23:39:23:40":3,"s:23:49:23:75":7,"f:25:20:25:21":4,"s:26:20:26:Infinity":8,"f:26:42:26:43":5,"s:26:52:26:81":9,"b:27:6:31:Infinity:29:13:31:Infinity":1,"s:27:6:31:Infinity":10,"s:28:8:28:Infinity":11,"s:30:8:30:Infinity":12,"s:36:71:36:93":13,"s:41:31:41:94":14,"f:41:31:41:32":6,"s:41:73:41:94":15,"s:42:32:43:Infinity":16,"f:42:32:42:33":7,"s:43:2:43:Infinity":17,"f:43:29:43:30":8,"s:43:39:43:Infinity":18,"s:44:36:44:106":19,"f:44:36:44:37":9,"s:44:78:44:106":20}}}
,"D:\\Workspace\\Practice\\Fake-Store-Assignment\\src\\store\\slices\\filtersSlice.ts": {"path":"D:\\Workspace\\Practice\\Fake-Store-Assignment\\src\\store\\slices\\filtersSlice.ts","statementMap":{"0":{"start":{"line":10,"column":35},"end":{"line":14,"column":null}},"1":{"start":{"line":16,"column":6},"end":{"line":35,"column":null}},"2":{"start":{"line":21,"column":6},"end":{"line":21,"column":null}},"3":{"start":{"line":24,"column":6},"end":{"line":24,"column":null}},"4":{"start":{"line":27,"column":6},"end":{"line":27,"column":null}},"5":{"start":{"line":30,"column":6},"end":{"line":30,"column":null}},"6":{"start":{"line":31,"column":6},"end":{"line":31,"column":null}},"7":{"start":{"line":32,"column":6},"end":{"line":32,"column":null}},"8":{"start":{"line":37,"column":80},"end":{"line":37,"column":100}},"9":{"start":{"line":42,"column":33},"end":{"line":42,"column":96}},"10":{"start":{"line":42,"column":71},"end":{"line":42,"column":96}},"11":{"start":{"line":43,"column":38},"end":{"line":43,"column":106}},"12":{"start":{"line":43,"column":76},"end":{"line":43,"column":106}},"13":{"start":{"line":44,"column":28},"end":{"line":44,"column":86}},"14":{"start":{"line":44,"column":66},"end":{"line":44,"column":86}}},"fnMap":{"0":{"name":"(anonymous_0)","decl":{"start":{"line":20,"column":20},"end":{"line":20,"column":21}},"loc":{"start":{"line":20,"column":28},"end":{"line":22,"column":null}},"line":20},"1":{"name":"(anonymous_1)","decl":{"start":{"line":23,"column":25},"end":{"line":23,"column":26}},"loc":{"start":{"line":23,"column":33},"end":{"line":25,"column":null}},"line":23},"2":{"name":"(anonymous_2)","decl":{"start":{"line":26,"column":15},"end":{"line":26,"column":16}},"loc":{"start":{"line":26,"column":23},"end":{"line":28,"column":null}},"line":26},"3":{"name":"(anonymous_3)","decl":{"start":{"line":29,"column":18},"end":{"line":29,"column":19}},"loc":{"start":{"line":29,"column":19},"end":{"line":33,"column":null}},"line":29},"4":{"name":"(anonymous_4)","decl":{"start":{"line":42,"column":33},"end":{"line":42,"column":34}},"loc":{"start":{"line":42,"column":71},"end":{"line":42,"column":96}},"line":42},"5":{"name":"(anonymous_5)","decl":{"start":{"line":43,"column":38},"end":{"line":43,"column":39}},"loc":{"start":{"line":43,"column":76},"end":{"line":43,"column":106}},"line":43},"6":{"name":"(anonymous_6)","decl":{"start":{"line":44,"column":28},"end":{"line":44,"column":29}},"loc":{"start":{"line":44,"column":66},"end":{"line":44,"column":86}},"line":44}},"branchMap":{},"s":{"0":8,"1":8,"2":23,"3":5,"4":6,"5":2,"6":2,"7":2,"8":8,"9":8,"10":73,"11":8,"12":73,"13":8,"14":73},"f":{"0":23,"1":5,"2":6,"3":2,"4":73,"5":73,"6":73},"b":{},"meta":{"lastBranch":0,"lastFunction":7,"lastStatement":15,"seen":{"s:10:35:14:Infinity":0,"s:16:6:35:Infinity":1,"f:20:20:20:21":0,"s:21:6:21:Infinity":2,"f:23:25:23:26":1,"s:24:6:24:Infinity":3,"f:26:15:26:16":2,"s:27:6:27:Infinity":4,"f:29:18:29:19":3,"s:30:6:30:Infinity":5,"s:31:6:31:Infinity":6,"s:32:6:32:Infinity":7,"s:37:80:37:100":8,"s:42:33:42:96":9,"f:42:33:42:34":4,"s:42:71:42:96":10,"s:43:38:43:106":11,"f:43:38:43:39":5,"s:43:76:43:106":12,"s:44:28:44:86":13,"f:44:28:44:29":6,"s:44:66:44:86":14}}}
,"D:\\Workspace\\Practice\\Fake-Store-Assignment\\src\\store\\slices\\productsSlice.ts": {"path":"D:\\Workspace\\Practice\\Fake-Store-Assignment\\src\\store\\slices\\productsSlice.ts","statementMap":{"0":{"start":{"line":11,"column":36},"end":{"line":16,"column":null}},"1":{"start":{"line":18,"column":13},"end":{"line":26,"column":null}},"2":{"start":{"line":21,"column":21},"end":{"line":21,"column":null}},"3":{"start":{"line":22,"column":4},"end":{"line":24,"column":null}},"4":{"start":{"line":23,"column":6},"end":{"line":23,"column":null}},"5":{"start":{"line":25,"column":4},"end":{"line":25,"column":null}},"6":{"start":{"line":29,"column":13},"end":{"line":37,"column":null}},"7":{"start":{"line":32,"column":21},"end":{"line":32,"column":null}},"8":{"start":{"line":33,"column":4},"end":{"line":35,"column":null}},"9":{"start":{"line":34,"column":6},"end":{"line":34,"column":null}},"10":{"start":{"line":36,"column":4},"end":{"line":36,"column":null}},"11":{"start":{"line":40,"column":6},"end":{"line":61,"column":null}},"12":{"start":{"line":45,"column":4},"end":{"line":59,"column":null}},"13":{"start":{"line":47,"column":8},"end":{"line":47,"column":null}},"14":{"start":{"line":50,"column":8},"end":{"line":50,"column":null}},"15":{"start":{"line":51,"column":8},"end":{"line":51,"column":null}},"16":{"start":{"line":54,"column":8},"end":{"line":54,"column":null}},"17":{"start":{"line":55,"column":8},"end":{"line":55,"column":null}},"18":{"start":{"line":58,"column":8},"end":{"line":58,"column":null}},"19":{"start":{"line":66,"column":33},"end":{"line":66,"column":93}},"20":{"start":{"line":66,"column":73},"end":{"line":66,"column":93}},"21":{"start":{"line":67,"column":33},"end":{"line":68,"column":null}},"22":{"start":{"line":68,"column":2},"end":{"line":68,"column":null}},"23":{"start":{"line":68,"column":41},"end":{"line":68,"column":null}},"24":{"start":{"line":69,"column":32},"end":{"line":69,"column":97}},"25":{"start":{"line":69,"column":72},"end":{"line":69,"column":97}},"26":{"start":{"line":70,"column":36},"end":{"line":70,"column":97}},"27":{"start":{"line":70,"column":76},"end":{"line":70,"column":97}},"28":{"start":{"line":71,"column":35},"end":{"line":71,"column":95}},"29":{"start":{"line":71,"column":75},"end":{"line":71,"column":95}}},"fnMap":{"0":{"name":"(anonymous_0)","decl":{"start":{"line":20,"column":2},"end":{"line":20,"column":null}},"loc":{"start":{"line":20,"column":2},"end":{"line":26,"column":null}},"line":20},"1":{"name":"(anonymous_1)","decl":{"start":{"line":31,"column":2},"end":{"line":31,"column":null}},"loc":{"start":{"line":31,"column":2},"end":{"line":37,"column":null}},"line":31},"2":{"name":"(anonymous_2)","decl":{"start":{"line":44,"column":17},"end":{"line":44,"column":18}},"loc":{"start":{"line":44,"column":18},"end":{"line":60,"column":null}},"line":44},"3":{"name":"(anonymous_3)","decl":{"start":{"line":46,"column":38},"end":{"line":46,"column":39}},"loc":{"start":{"line":46,"column":39},"end":{"line":48,"column":null}},"line":46},"4":{"name":"(anonymous_4)","decl":{"start":{"line":49,"column":40},"end":{"line":49,"column":41}},"loc":{"start":{"line":49,"column":48},"end":{"line":52,"column":null}},"line":49},"5":{"name":"(anonymous_5)","decl":{"start":{"line":53,"column":39},"end":{"line":53,"column":40}},"loc":{"start":{"line":53,"column":47},"end":{"line":56,"column":null}},"line":53},"6":{"name":"(anonymous_6)","decl":{"start":{"line":57,"column":42},"end":{"line":57,"column":43}},"loc":{"start":{"line":57,"column":50},"end":{"line":59,"column":null}},"line":57},"7":{"name":"(anonymous_7)","decl":{"start":{"line":66,"column":33},"end":{"line":66,"column":34}},"loc":{"start":{"line":66,"column":73},"end":{"line":66,"column":93}},"line":66},"8":{"name":"(anonymous_8)","decl":{"start":{"line":67,"column":33},"end":{"line":67,"column":34}},"loc":{"start":{"line":68,"column":2},"end":{"line":68,"column":null}},"line":68},"9":{"name":"(anonymous_9)","decl":{"start":{"line":68,"column":28},"end":{"line":68,"column":29}},"loc":{"start":{"line":68,"column":41},"end":{"line":68,"column":null}},"line":68},"10":{"name":"(anonymous_10)","decl":{"start":{"line":69,"column":32},"end":{"line":69,"column":33}},"loc":{"start":{"line":69,"column":72},"end":{"line":69,"column":97}},"line":69},"11":{"name":"(anonymous_11)","decl":{"start":{"line":70,"column":36},"end":{"line":70,"column":37}},"loc":{"start":{"line":70,"column":76},"end":{"line":70,"column":97}},"line":70},"12":{"name":"(anonymous_12)","decl":{"start":{"line":71,"column":35},"end":{"line":71,"column":36}},"loc":{"start":{"line":71,"column":75},"end":{"line":71,"column":95}},"line":71}},"branchMap":{"0":{"loc":{"start":{"line":22,"column":4},"end":{"line":24,"column":null}},"type":"if","locations":[{"start":{"line":22,"column":4},"end":{"line":24,"column":null}},{"start":{},"end":{}}],"line":22},"1":{"loc":{"start":{"line":33,"column":4},"end":{"line":35,"column":null}},"type":"if","locations":[{"start":{"line":33,"column":4},"end":{"line":35,"column":null}},{"start":{},"end":{}}],"line":33},"2":{"loc":{"start":{"line":55,"column":22},"end":{"line":55,"column":null}},"type":"binary-expr","locations":[{"start":{"line":55,"column":22},"end":{"line":55,"column":42}},{"start":{"line":55,"column":46},"end":{"line":55,"column":null}}],"line":55}},"s":{"0":7,"1":7,"2":9,"3":7,"4":1,"5":6,"6":7,"7":3,"8":3,"9":1,"10":2,"11":7,"12":6,"13":9,"14":6,"15":6,"16":2,"17":2,"18":2,"19":7,"20":37,"21":7,"22":2,"23":4,"24":7,"25":36,"26":7,"27":21,"28":7,"29":21},"f":{"0":9,"1":3,"2":6,"3":9,"4":6,"5":2,"6":2,"7":37,"8":2,"9":4,"10":36,"11":21,"12":21},"b":{"0":[1,6],"1":[1,2],"2":[2,0]},"meta":{"lastBranch":3,"lastFunction":13,"lastStatement":30,"seen":{"s:11:36:16:Infinity":0,"s:18:13:26:Infinity":1,"f:20:2:20:Infinity":0,"s:21:21:21:Infinity":2,"b:22:4:24:Infinity:undefined:undefined:undefined:undefined":0,"s:22:4:24:Infinity":3,"s:23:6:23:Infinity":4,"s:25:4:25:Infinity":5,"s:29:13:37:Infinity":6,"f:31:2:31:Infinity":1,"s:32:21:32:Infinity":7,"b:33:4:35:Infinity:undefined:undefined:undefined:undefined":1,"s:33:4:35:Infinity":8,"s:34:6:34:Infinity":9,"s:36:4:36:Infinity":10,"s:40:6:61:Infinity":11,"f:44:17:44:18":2,"s:45:4:59:Infinity":12,"f:46:38:46:39":3,"s:47:8:47:Infinity":13,"f:49:40:49:41":4,"s:50:8:50:Infinity":14,"s:51:8:51:Infinity":15,"f:53:39:53:40":5,"s:54:8:54:Infinity":16,"s:55:8:55:Infinity":17,"b:55:22:55:42:55:46:55:Infinity":2,"f:57:42:57:43":6,"s:58:8:58:Infinity":18,"s:66:33:66:93":19,"f:66:33:66:34":7,"s:66:73:66:93":20,"s:67:33:68:Infinity":21,"f:67:33:67:34":8,"s:68:2:68:Infinity":22,"f:68:28:68:29":9,"s:68:41:68:Infinity":23,"s:69:32:69:97":24,"f:69:32:69:33":10,"s:69:72:69:97":25,"s:70:36:70:97":26,"f:70:36:70:37":11,"s:70:76:70:97":27,"s:71:35:71:95":28,"f:71:35:71:36":12,"s:71:75:71:95":29}}}
,"D:\\Workspace\\Practice\\Fake-Store-Assignment\\src\\test\\test-utils.tsx": {"path":"D:\\Workspace\\Practice\\Fake-Store-Assignment\\src\\test\\test-utils.tsx","statementMap":{"0":{"start":{"line":30,"column":2},"end":{"line":37,"column":null}},"1":{"start":{"line":41,"column":39},"end":{"line":69,"column":null}},"2":{"start":{"line":71,"column":30},"end":{"line":71,"column":null}},"3":{"start":{"line":88,"column":4},"end":{"line":90,"column":null}},"4":{"start":{"line":95,"column":2},"end":{"line":95,"column":null}}},"fnMap":{"0":{"name":"createTestStore","decl":{"start":{"line":14,"column":16},"end":{"line":14,"column":32}},"loc":{"start":{"line":29,"column":1},"end":{"line":38,"column":null}},"line":29},"1":{"name":"renderWithProviders","decl":{"start":{"line":79,"column":16},"end":{"line":79,"column":null}},"loc":{"start":{"line":85,"column":31},"end":{"line":96,"column":null}},"line":85},"2":{"name":"Wrapper","decl":{"start":{"line":87,"column":11},"end":{"line":87,"column":19}},"loc":{"start":{"line":87,"column":54},"end":{"line":93,"column":null}},"line":87}},"branchMap":{"0":{"loc":{"start":{"line":81,"column":2},"end":{"line":85,"column":31}},"type":"default-arg","locations":[{"start":{"line":85,"column":29},"end":{"line":85,"column":31}}],"line":81},"1":{"loc":{"start":{"line":83,"column":4},"end":{"line":83,"column":43}},"type":"default-arg","locations":[{"start":{"line":83,"column":12},"end":{"line":83,"column":43}}],"line":83}},"s":{"0":36,"1":7,"2":7,"3":35,"4":28},"f":{"0":36,"1":28,"2":35},"b":{"0":[28],"1":[28]},"meta":{"lastBranch":2,"lastFunction":3,"lastStatement":5,"seen":{"f:14:16:14:32":0,"s:30:2:37:Infinity":0,"s:41:39:69:Infinity":1,"s:71:30:71:Infinity":2,"f:79:16:79:Infinity":1,"b:85:29:85:31":0,"b:83:12:83:43":1,"f:87:11:87:19":2,"s:88:4:90:Infinity":3,"s:95:2:95:Infinity":4}}}
}
